{"uuid":"0be2239b-ac3a-4b01-8d91-b5873edaf9a6","historyId":"5f67744fe116fc8237fb9f88d69b1f4f","testCaseId":"b17b8ea29f747dd15b2d5483ce888ea","fullName":"src/test/resources/features/api/user_crud.feature:31","labels":[{"name":"host","value":"LAPTOP-BO5I1FTR"},{"name":"thread","value":"2748@LAPTOP-BO5I1FTR.main(1)"},{"name":"feature","value":"User API"},{"name":"story","value":"Create user with missing name"},{"name":"suite","value":"User API"},{"name":"testClass","value":"Create user with missing name"},{"name":"framework","value":"cucumber4jvm"},{"name":"language","value":"java"},{"name":"gherkin_uri","value":"file:///C:/Users/saurabh%20yadav/Downloads/Myproject/Myproject/Myproject/src/test/resources/features/api/user_crud.feature"},{"name":"package","value":"src.test.resources.features.api.user_crud_feature.User API"}],"links":[],"name":"Create user with missing name","status":"failed","statusDetails":{"known":false,"muted":false,"flaky":false,"message":"expected [400] but found [201]","trace":"java.lang.AssertionError: expected [400] but found [201]\r\n\tat org.testng.Assert.fail(Assert.java:111)\r\n\tat org.testng.Assert.failNotEquals(Assert.java:1590)\r\n\tat org.testng.Assert.assertEqualsImpl(Assert.java:150)\r\n\tat org.testng.Assert.assertEquals(Assert.java:132)\r\n\tat org.testng.Assert.assertEquals(Assert.java:1431)\r\n\tat org.testng.Assert.assertEquals(Assert.java:1395)\r\n\tat org.testng.Assert.assertEquals(Assert.java:1441)\r\n\tat stepdefs.api.UserApiSteps.response_code_should_be(UserApiSteps.java:187)\r\n\tat ✽.Response code should be 400(file:///C:/Users/saurabh%20yadav/Downloads/Myproject/Myproject/Myproject/src/test/resources/features/api/user_crud.feature:34)\r\n"},"stage":"finished","steps":[{"name":"Given I use user test data \"missingNameUser\"","status":"passed","statusDetails":{"known":false,"muted":false,"flaky":false},"stage":"finished","steps":[],"attachments":[{"name":"Test Data","source":"c5f1166b-661c-43e5-ac32-88acb2382548-attachment.txt","type":"text/plain"}],"parameters":[],"start":1752560435429,"stop":1752560435445},{"name":"When I send a POST request to \"/users\"","status":"passed","statusDetails":{"known":false,"muted":false,"flaky":false},"stage":"finished","steps":[],"attachments":[],"parameters":[],"start":1752560435445,"stop":1752560436507},{"name":"Then Response code should be 400","status":"failed","statusDetails":{"known":false,"muted":false,"flaky":false,"message":"expected [400] but found [201]","trace":"java.lang.AssertionError: expected [400] but found [201]\r\n\tat org.testng.Assert.fail(Assert.java:111)\r\n\tat org.testng.Assert.failNotEquals(Assert.java:1590)\r\n\tat org.testng.Assert.assertEqualsImpl(Assert.java:150)\r\n\tat org.testng.Assert.assertEquals(Assert.java:132)\r\n\tat org.testng.Assert.assertEquals(Assert.java:1431)\r\n\tat org.testng.Assert.assertEquals(Assert.java:1395)\r\n\tat org.testng.Assert.assertEquals(Assert.java:1441)\r\n\tat stepdefs.api.UserApiSteps.response_code_should_be(UserApiSteps.java:187)\r\n\tat ✽.Response code should be 400(file:///C:/Users/saurabh%20yadav/Downloads/Myproject/Myproject/Myproject/src/test/resources/features/api/user_crud.feature:34)\r\n"},"stage":"finished","steps":[],"attachments":[],"parameters":[],"start":1752560436508,"stop":1752560436518},{"name":"And Response should have error message \"Name is required\"","status":"skipped","statusDetails":{"known":false,"muted":false,"flaky":false},"stage":"finished","steps":[],"attachments":[],"parameters":[],"start":1752560436520,"stop":1752560436520},{"name":"And Response header \"Content-Type\" should be \"application/json\"","status":"skipped","statusDetails":{"known":false,"muted":false,"flaky":false},"stage":"finished","steps":[],"attachments":[],"parameters":[],"start":1752560436521,"stop":1752560436521}],"attachments":[],"parameters":[],"start":1752560435395,"stop":1752560436521}