{"uuid":"7fc41f85-2ad3-4532-92c8-d81859dd6440","historyId":"69fb6c1891f6b0ac3b5c962e75a995dd","testCaseId":"20829f60b27b9341186fe2ef51207931","fullName":"src/test/resources/features/api/user_crud.feature:91","labels":[{"name":"host","value":"LAPTOP-BO5I1FTR"},{"name":"thread","value":"2748@LAPTOP-BO5I1FTR.main(1)"},{"name":"feature","value":"User API"},{"name":"story","value":"Create user with email exceeding max length"},{"name":"suite","value":"User API"},{"name":"testClass","value":"Create user with email exceeding max length"},{"name":"framework","value":"cucumber4jvm"},{"name":"language","value":"java"},{"name":"gherkin_uri","value":"file:///C:/Users/saurabh%20yadav/Downloads/Myproject/Myproject/Myproject/src/test/resources/features/api/user_crud.feature"},{"name":"package","value":"src.test.resources.features.api.user_crud_feature.User API"}],"links":[],"name":"Create user with email exceeding max length","status":"failed","statusDetails":{"known":false,"muted":false,"flaky":false,"message":"expected [400] but found [201]","trace":"java.lang.AssertionError: expected [400] but found [201]\r\n\tat org.testng.Assert.fail(Assert.java:111)\r\n\tat org.testng.Assert.failNotEquals(Assert.java:1590)\r\n\tat org.testng.Assert.assertEqualsImpl(Assert.java:150)\r\n\tat org.testng.Assert.assertEquals(Assert.java:132)\r\n\tat org.testng.Assert.assertEquals(Assert.java:1431)\r\n\tat org.testng.Assert.assertEquals(Assert.java:1395)\r\n\tat org.testng.Assert.assertEquals(Assert.java:1441)\r\n\tat stepdefs.api.UserApiSteps.response_code_should_be(UserApiSteps.java:187)\r\n\tat ✽.Response code should be 400(file:///C:/Users/saurabh%20yadav/Downloads/Myproject/Myproject/Myproject/src/test/resources/features/api/user_crud.feature:94)\r\n"},"stage":"finished","steps":[{"name":"Given I use user test data \"longEmailUser\"","status":"passed","statusDetails":{"known":false,"muted":false,"flaky":false},"stage":"finished","steps":[],"attachments":[{"name":"Test Data","source":"fbbc4665-cfc8-43ad-b67f-3a5157f34d17-attachment.txt","type":"text/plain"}],"parameters":[],"start":1752560437224,"stop":1752560437226},{"name":"When I send a POST request to \"/users\"","status":"passed","statusDetails":{"known":false,"muted":false,"flaky":false},"stage":"finished","steps":[],"attachments":[],"parameters":[],"start":1752560437227,"stop":1752560437282},{"name":"Then Response code should be 400","status":"failed","statusDetails":{"known":false,"muted":false,"flaky":false,"message":"expected [400] but found [201]","trace":"java.lang.AssertionError: expected [400] but found [201]\r\n\tat org.testng.Assert.fail(Assert.java:111)\r\n\tat org.testng.Assert.failNotEquals(Assert.java:1590)\r\n\tat org.testng.Assert.assertEqualsImpl(Assert.java:150)\r\n\tat org.testng.Assert.assertEquals(Assert.java:132)\r\n\tat org.testng.Assert.assertEquals(Assert.java:1431)\r\n\tat org.testng.Assert.assertEquals(Assert.java:1395)\r\n\tat org.testng.Assert.assertEquals(Assert.java:1441)\r\n\tat stepdefs.api.UserApiSteps.response_code_should_be(UserApiSteps.java:187)\r\n\tat ✽.Response code should be 400(file:///C:/Users/saurabh%20yadav/Downloads/Myproject/Myproject/Myproject/src/test/resources/features/api/user_crud.feature:94)\r\n"},"stage":"finished","steps":[],"attachments":[],"parameters":[],"start":1752560437282,"stop":1752560437285}],"attachments":[],"parameters":[],"start":1752560437224,"stop":1752560437285}