{"uuid":"971fddd4-f8d5-44ff-b4d5-e10c1ec5db43","historyId":"1237ea164be99651dca7bb3976a00eb2","testCaseId":"5d493d59cc3abab54d0b066665127b2","fullName":"src/test/resources/features/api/user_crud.feature:9","labels":[{"name":"host","value":"LAPTOP-BO5I1FTR"},{"name":"thread","value":"4100@LAPTOP-BO5I1FTR.main(1)"},{"name":"feature","value":"User API"},{"name":"story","value":"Get user by ID"},{"name":"suite","value":"User API"},{"name":"testClass","value":"Get user by ID"},{"name":"framework","value":"cucumber4jvm"},{"name":"language","value":"java"},{"name":"gherkin_uri","value":"file:///C:/Users/saurabh%20yadav/Downloads/Myproject/Myproject/Myproject/src/test/resources/features/api/user_crud.feature"},{"name":"package","value":"src.test.resources.features.api.user_crud_feature.User API"}],"links":[],"name":"Get user by ID","status":"failed","statusDetails":{"known":false,"muted":false,"flaky":false,"message":"expected [200] but found [404]","trace":"java.lang.AssertionError: expected [200] but found [404]\r\n\tat org.testng.Assert.fail(Assert.java:111)\r\n\tat org.testng.Assert.failNotEquals(Assert.java:1590)\r\n\tat org.testng.Assert.assertEqualsImpl(Assert.java:150)\r\n\tat org.testng.Assert.assertEquals(Assert.java:132)\r\n\tat org.testng.Assert.assertEquals(Assert.java:1431)\r\n\tat org.testng.Assert.assertEquals(Assert.java:1395)\r\n\tat org.testng.Assert.assertEquals(Assert.java:1441)\r\n\tat stepdefs.api.UserApiSteps.response_code_should_be(UserApiSteps.java:114)\r\n\tat ✽.Response code should be 200(file:///C:/Users/saurabh%20yadav/Downloads/Myproject/Myproject/Myproject/src/test/resources/features/api/user_crud.feature:11)\r\n"},"stage":"finished","steps":[{"name":"When I send a GET request to get the created user","status":"passed","statusDetails":{"known":false,"muted":false,"flaky":false},"stage":"finished","steps":[],"attachments":[],"parameters":[],"start":1752573292025,"stop":1752573293865},{"name":"Then Response code should be 200","status":"failed","statusDetails":{"known":false,"muted":false,"flaky":false,"message":"expected [200] but found [404]","trace":"java.lang.AssertionError: expected [200] but found [404]\r\n\tat org.testng.Assert.fail(Assert.java:111)\r\n\tat org.testng.Assert.failNotEquals(Assert.java:1590)\r\n\tat org.testng.Assert.assertEqualsImpl(Assert.java:150)\r\n\tat org.testng.Assert.assertEquals(Assert.java:132)\r\n\tat org.testng.Assert.assertEquals(Assert.java:1431)\r\n\tat org.testng.Assert.assertEquals(Assert.java:1395)\r\n\tat org.testng.Assert.assertEquals(Assert.java:1441)\r\n\tat stepdefs.api.UserApiSteps.response_code_should_be(UserApiSteps.java:114)\r\n\tat ✽.Response code should be 200(file:///C:/Users/saurabh%20yadav/Downloads/Myproject/Myproject/Myproject/src/test/resources/features/api/user_crud.feature:11)\r\n"},"stage":"finished","steps":[],"attachments":[],"parameters":[],"start":1752573293866,"stop":1752573293882},{"name":"And Response should contain \"Vikash\"","status":"skipped","statusDetails":{"known":false,"muted":false,"flaky":false},"stage":"finished","steps":[],"attachments":[],"parameters":[],"start":1752573293885,"stop":1752573293886},{"name":"And Response header \"Content-Type\" should be \"application/json\"","status":"skipped","statusDetails":{"known":false,"muted":false,"flaky":false},"stage":"finished","steps":[],"attachments":[],"parameters":[],"start":1752573293887,"stop":1752573293887}],"attachments":[],"parameters":[],"start":1752573292016,"stop":1752573293893}