{"uuid":"9c24a4d5-4f02-416e-b096-53f880b32e15","historyId":"3a4c4adb8724dd9511d3c6434e2304d6","testCaseId":"7a78a37e61347d519617410ac11cba","fullName":"src/test/resources/features/api/user_crud.feature:86","labels":[{"name":"host","value":"LAPTOP-BO5I1FTR"},{"name":"thread","value":"13940@LAPTOP-BO5I1FTR.main(1)"},{"name":"feature","value":"User API"},{"name":"story","value":"Create user with name exceeding max length"},{"name":"suite","value":"User API"},{"name":"testClass","value":"Create user with name exceeding max length"},{"name":"framework","value":"cucumber4jvm"},{"name":"language","value":"java"},{"name":"gherkin_uri","value":"file:///C:/Users/saurabh%20yadav/Downloads/Myproject/Myproject/Myproject/src/test/resources/features/api/user_crud.feature"},{"name":"package","value":"src.test.resources.features.api.user_crud_feature.User API"}],"links":[],"name":"Create user with name exceeding max length","status":"failed","statusDetails":{"known":false,"muted":false,"flaky":false,"message":"expected [400] but found [201]","trace":"java.lang.AssertionError: expected [400] but found [201]\r\n\tat org.testng.Assert.fail(Assert.java:111)\r\n\tat org.testng.Assert.failNotEquals(Assert.java:1590)\r\n\tat org.testng.Assert.assertEqualsImpl(Assert.java:150)\r\n\tat org.testng.Assert.assertEquals(Assert.java:132)\r\n\tat org.testng.Assert.assertEquals(Assert.java:1431)\r\n\tat org.testng.Assert.assertEquals(Assert.java:1395)\r\n\tat org.testng.Assert.assertEquals(Assert.java:1441)\r\n\tat stepdefs.api.UserApiSteps.response_code_should_be(UserApiSteps.java:134)\r\n\tat ✽.Response code should be 400(file:///C:/Users/saurabh%20yadav/Downloads/Myproject/Myproject/Myproject/src/test/resources/features/api/user_crud.feature:89)\r\n"},"stage":"finished","steps":[{"name":"Given I use user test data \"longNameUser\"","status":"passed","statusDetails":{"known":false,"muted":false,"flaky":false},"stage":"finished","steps":[],"attachments":[{"name":"Test Data","source":"f0e14d0d-0d2a-4fbf-b56a-25d619976caf-attachment.txt","type":"text/plain"}],"parameters":[],"start":1752564402735,"stop":1752564402737},{"name":"When I send a POST request to \"/users\"","status":"passed","statusDetails":{"known":false,"muted":false,"flaky":false},"stage":"finished","steps":[],"attachments":[],"parameters":[],"start":1752564402737,"stop":1752564402775},{"name":"Then Response code should be 400","status":"failed","statusDetails":{"known":false,"muted":false,"flaky":false,"message":"expected [400] but found [201]","trace":"java.lang.AssertionError: expected [400] but found [201]\r\n\tat org.testng.Assert.fail(Assert.java:111)\r\n\tat org.testng.Assert.failNotEquals(Assert.java:1590)\r\n\tat org.testng.Assert.assertEqualsImpl(Assert.java:150)\r\n\tat org.testng.Assert.assertEquals(Assert.java:132)\r\n\tat org.testng.Assert.assertEquals(Assert.java:1431)\r\n\tat org.testng.Assert.assertEquals(Assert.java:1395)\r\n\tat org.testng.Assert.assertEquals(Assert.java:1441)\r\n\tat stepdefs.api.UserApiSteps.response_code_should_be(UserApiSteps.java:134)\r\n\tat ✽.Response code should be 400(file:///C:/Users/saurabh%20yadav/Downloads/Myproject/Myproject/Myproject/src/test/resources/features/api/user_crud.feature:89)\r\n"},"stage":"finished","steps":[],"attachments":[],"parameters":[],"start":1752564402775,"stop":1752564402777}],"attachments":[],"parameters":[],"start":1752564402733,"stop":1752564402797}