{"uuid":"a96bb7b0-f020-4c03-8135-c6214d358393","historyId":"daa247081664d25e6e22c19189f88fe0","testCaseId":"8de1484c38f2add0a49d20446a0af8d4","fullName":"src/test/resources/features/api/user_crud.feature:69","labels":[{"name":"host","value":"LAPTOP-BO5I1FTR"},{"name":"thread","value":"9928@LAPTOP-BO5I1FTR.main(1)"},{"name":"feature","value":"User API"},{"name":"story","value":"Delete user and verify deletion"},{"name":"suite","value":"User API"},{"name":"testClass","value":"Delete user and verify deletion"},{"name":"framework","value":"cucumber4jvm"},{"name":"language","value":"java"},{"name":"gherkin_uri","value":"file:///C:/Users/saurabh%20yadav/Downloads/Myproject/Myproject/Myproject/src/test/resources/features/api/user_crud.feature"},{"name":"package","value":"src.test.resources.features.api.user_crud_feature.User API"}],"links":[],"name":"Delete user and verify deletion","statusDetails":{"known":false,"muted":false,"flaky":false,"message":"\"I send a DELETE request to \"/users/{id}\" for the created user\" matches more than one step definition:\n  \"^I send a DELETE request to \"([^\"]*)\" for the created user$\" in stepdefs.api.UserApiSteps.i_send_a_delete_request_to_for_the_created_user(java.lang.String)\n  \"^I send a DELETE request to \"/users/\\{id\\}\" for the created user$\" in stepdefs.api.UserApiSteps.i_send_a_delete_request_to_with_escaped_id_for_created_user()","trace":"io.cucumber.core.runner.AmbiguousStepDefinitionsException: \"I send a DELETE request to \"/users/{id}\" for the created user\" matches more than one step definition:\n  \"^I send a DELETE request to \"([^\"]*)\" for the created user$\" in stepdefs.api.UserApiSteps.i_send_a_delete_request_to_for_the_created_user(java.lang.String)\n  \"^I send a DELETE request to \"/users/\\{id\\}\" for the created user$\" in stepdefs.api.UserApiSteps.i_send_a_delete_request_to_with_escaped_id_for_created_user()\r\n\tat io.cucumber.core.runner.CachingGlue.findStepDefinitionMatch(CachingGlue.java:457)\r\n\tat io.cucumber.core.runner.CachingGlue.stepDefinitionMatch(CachingGlue.java:425)\r\n\tat io.cucumber.core.runner.Runner.matchStepToStepDefinition(Runner.java:184)\r\n\tat io.cucumber.core.runner.Runner.createTestStepsForPickleSteps(Runner.java:164)\r\n\tat io.cucumber.core.runner.Runner.createTestCaseForPickle(Runner.java:147)\r\n\tat io.cucumber.core.runner.Runner.runPickle(Runner.java:76)\r\n\tat io.cucumber.testng.TestNGCucumberRunner.lambda$runScenario$1(TestNGCucumberRunner.java:135)\r\n\tat io.cucumber.core.runtime.CucumberExecutionContext.lambda$runTestCase$5(CucumberExecutionContext.java:136)\r\n\tat io.cucumber.core.runtime.RethrowingThrowableCollector.executeAndThrow(RethrowingThrowableCollector.java:23)\r\n\tat io.cucumber.core.runtime.CucumberExecutionContext.runTestCase(CucumberExecutionContext.java:136)\r\n\tat io.cucumber.testng.TestNGCucumberRunner.runScenario(TestNGCucumberRunner.java:132)\r\n\tat io.cucumber.testng.AbstractTestNGCucumberTests.runScenario(AbstractTestNGCucumberTests.java:35)\r\n\tat java.base/jdk.internal.reflect.DirectMethodHandleAccessor.invoke(DirectMethodHandleAccessor.java:103)\r\n\tat java.base/java.lang.reflect.Method.invoke(Method.java:580)\r\n\tat org.testng.internal.invokers.MethodInvocationHelper.invokeMethod(MethodInvocationHelper.java:141)\r\n\tat org.testng.internal.invokers.TestInvoker.invokeMethod(TestInvoker.java:687)\r\n\tat org.testng.internal.invokers.TestInvoker.invokeTestMethod(TestInvoker.java:230)\r\n\tat org.testng.internal.invokers.MethodRunner.runInSequence(MethodRunner.java:63)\r\n\tat org.testng.internal.invokers.TestInvoker$MethodInvocationAgent.invoke(TestInvoker.java:995)\r\n\tat org.testng.internal.invokers.TestInvoker.invokeTestMethods(TestInvoker.java:203)\r\n\tat org.testng.internal.invokers.TestMethodWorker.invokeTestMethods(TestMethodWorker.java:154)\r\n\tat org.testng.internal.invokers.TestMethodWorker.run(TestMethodWorker.java:134)\r\n\tat java.base/java.util.ArrayList.forEach(ArrayList.java:1596)\r\n\tat org.testng.TestRunner.privateRun(TestRunner.java:741)\r\n\tat org.testng.TestRunner.run(TestRunner.java:616)\r\n\tat org.testng.SuiteRunner.runTest(SuiteRunner.java:421)\r\n\tat org.testng.SuiteRunner.runSequentially(SuiteRunner.java:413)\r\n\tat org.testng.SuiteRunner.privateRun(SuiteRunner.java:373)\r\n\tat org.testng.SuiteRunner.run(SuiteRunner.java:312)\r\n\tat org.testng.SuiteRunnerWorker.runSuite(SuiteRunnerWorker.java:52)\r\n\tat org.testng.SuiteRunnerWorker.run(SuiteRunnerWorker.java:95)\r\n\tat org.testng.TestNG.runSuitesSequentially(TestNG.java:1274)\r\n\tat org.testng.TestNG.runSuitesLocally(TestNG.java:1208)\r\n\tat org.testng.TestNG.runSuites(TestNG.java:1112)\r\n\tat org.testng.TestNG.run(TestNG.java:1079)\r\n\tat org.apache.maven.surefire.testng.TestNGExecutor.run(TestNGExecutor.java:155)\r\n\tat org.apache.maven.surefire.testng.TestNGDirectoryTestSuite.executeSingleClass(TestNGDirectoryTestSuite.java:102)\r\n\tat org.apache.maven.surefire.testng.TestNGDirectoryTestSuite.execute(TestNGDirectoryTestSuite.java:91)\r\n\tat org.apache.maven.surefire.testng.TestNGProvider.invoke(TestNGProvider.java:137)\r\n\tat org.apache.maven.surefire.booter.ForkedBooter.runSuitesInProcess(ForkedBooter.java:385)\r\n\tat org.apache.maven.surefire.booter.ForkedBooter.execute(ForkedBooter.java:162)\r\n\tat org.apache.maven.surefire.booter.ForkedBooter.run(ForkedBooter.java:507)\r\n\tat org.apache.maven.surefire.booter.ForkedBooter.main(ForkedBooter.java:495)\r\n"},"stage":"finished","steps":[{"name":"When I send a DELETE request to \"/users/{id}\" for the created user","statusDetails":{"known":false,"muted":false,"flaky":false,"message":"\"I send a DELETE request to \"/users/{id}\" for the created user\" matches more than one step definition:\n  \"^I send a DELETE request to \"([^\"]*)\" for the created user$\" in stepdefs.api.UserApiSteps.i_send_a_delete_request_to_for_the_created_user(java.lang.String)\n  \"^I send a DELETE request to \"/users/\\{id\\}\" for the created user$\" in stepdefs.api.UserApiSteps.i_send_a_delete_request_to_with_escaped_id_for_created_user()","trace":"io.cucumber.core.runner.AmbiguousStepDefinitionsException: \"I send a DELETE request to \"/users/{id}\" for the created user\" matches more than one step definition:\n  \"^I send a DELETE request to \"([^\"]*)\" for the created user$\" in stepdefs.api.UserApiSteps.i_send_a_delete_request_to_for_the_created_user(java.lang.String)\n  \"^I send a DELETE request to \"/users/\\{id\\}\" for the created user$\" in stepdefs.api.UserApiSteps.i_send_a_delete_request_to_with_escaped_id_for_created_user()\r\n\tat io.cucumber.core.runner.CachingGlue.findStepDefinitionMatch(CachingGlue.java:457)\r\n\tat io.cucumber.core.runner.CachingGlue.stepDefinitionMatch(CachingGlue.java:425)\r\n\tat io.cucumber.core.runner.Runner.matchStepToStepDefinition(Runner.java:184)\r\n\tat io.cucumber.core.runner.Runner.createTestStepsForPickleSteps(Runner.java:164)\r\n\tat io.cucumber.core.runner.Runner.createTestCaseForPickle(Runner.java:147)\r\n\tat io.cucumber.core.runner.Runner.runPickle(Runner.java:76)\r\n\tat io.cucumber.testng.TestNGCucumberRunner.lambda$runScenario$1(TestNGCucumberRunner.java:135)\r\n\tat io.cucumber.core.runtime.CucumberExecutionContext.lambda$runTestCase$5(CucumberExecutionContext.java:136)\r\n\tat io.cucumber.core.runtime.RethrowingThrowableCollector.executeAndThrow(RethrowingThrowableCollector.java:23)\r\n\tat io.cucumber.core.runtime.CucumberExecutionContext.runTestCase(CucumberExecutionContext.java:136)\r\n\tat io.cucumber.testng.TestNGCucumberRunner.runScenario(TestNGCucumberRunner.java:132)\r\n\tat io.cucumber.testng.AbstractTestNGCucumberTests.runScenario(AbstractTestNGCucumberTests.java:35)\r\n\tat java.base/jdk.internal.reflect.DirectMethodHandleAccessor.invoke(DirectMethodHandleAccessor.java:103)\r\n\tat java.base/java.lang.reflect.Method.invoke(Method.java:580)\r\n\tat org.testng.internal.invokers.MethodInvocationHelper.invokeMethod(MethodInvocationHelper.java:141)\r\n\tat org.testng.internal.invokers.TestInvoker.invokeMethod(TestInvoker.java:687)\r\n\tat org.testng.internal.invokers.TestInvoker.invokeTestMethod(TestInvoker.java:230)\r\n\tat org.testng.internal.invokers.MethodRunner.runInSequence(MethodRunner.java:63)\r\n\tat org.testng.internal.invokers.TestInvoker$MethodInvocationAgent.invoke(TestInvoker.java:995)\r\n\tat org.testng.internal.invokers.TestInvoker.invokeTestMethods(TestInvoker.java:203)\r\n\tat org.testng.internal.invokers.TestMethodWorker.invokeTestMethods(TestMethodWorker.java:154)\r\n\tat org.testng.internal.invokers.TestMethodWorker.run(TestMethodWorker.java:134)\r\n\tat java.base/java.util.ArrayList.forEach(ArrayList.java:1596)\r\n\tat org.testng.TestRunner.privateRun(TestRunner.java:741)\r\n\tat org.testng.TestRunner.run(TestRunner.java:616)\r\n\tat org.testng.SuiteRunner.runTest(SuiteRunner.java:421)\r\n\tat org.testng.SuiteRunner.runSequentially(SuiteRunner.java:413)\r\n\tat org.testng.SuiteRunner.privateRun(SuiteRunner.java:373)\r\n\tat org.testng.SuiteRunner.run(SuiteRunner.java:312)\r\n\tat org.testng.SuiteRunnerWorker.runSuite(SuiteRunnerWorker.java:52)\r\n\tat org.testng.SuiteRunnerWorker.run(SuiteRunnerWorker.java:95)\r\n\tat org.testng.TestNG.runSuitesSequentially(TestNG.java:1274)\r\n\tat org.testng.TestNG.runSuitesLocally(TestNG.java:1208)\r\n\tat org.testng.TestNG.runSuites(TestNG.java:1112)\r\n\tat org.testng.TestNG.run(TestNG.java:1079)\r\n\tat org.apache.maven.surefire.testng.TestNGExecutor.run(TestNGExecutor.java:155)\r\n\tat org.apache.maven.surefire.testng.TestNGDirectoryTestSuite.executeSingleClass(TestNGDirectoryTestSuite.java:102)\r\n\tat org.apache.maven.surefire.testng.TestNGDirectoryTestSuite.execute(TestNGDirectoryTestSuite.java:91)\r\n\tat org.apache.maven.surefire.testng.TestNGProvider.invoke(TestNGProvider.java:137)\r\n\tat org.apache.maven.surefire.booter.ForkedBooter.runSuitesInProcess(ForkedBooter.java:385)\r\n\tat org.apache.maven.surefire.booter.ForkedBooter.execute(ForkedBooter.java:162)\r\n\tat org.apache.maven.surefire.booter.ForkedBooter.run(ForkedBooter.java:507)\r\n\tat org.apache.maven.surefire.booter.ForkedBooter.main(ForkedBooter.java:495)\r\n"},"stage":"finished","steps":[],"attachments":[],"parameters":[],"start":1752559861626,"stop":1752559861628},{"name":"Then Response code should be 200","status":"skipped","statusDetails":{"known":false,"muted":false,"flaky":false},"stage":"finished","steps":[],"attachments":[],"parameters":[],"start":1752559861629,"stop":1752559861630},{"name":"When I send a GET request to \"/users/{id}\"","status":"skipped","statusDetails":{"known":false,"muted":false,"flaky":false},"stage":"finished","steps":[],"attachments":[],"parameters":[],"start":1752559861630,"stop":1752559861630},{"name":"Then Response code should be 404","status":"skipped","statusDetails":{"known":false,"muted":false,"flaky":false},"stage":"finished","steps":[],"attachments":[],"parameters":[],"start":1752559861631,"stop":1752559861631}],"attachments":[],"parameters":[],"start":1752559861625,"stop":1752559861632}