{"uuid":"cbdc94b3-a122-4a0b-861b-d32fddbdb13e","historyId":"5f67744fe116fc8237fb9f88d69b1f4f","testCaseId":"b17b8ea29f747dd15b2d5483ce888ea","fullName":"src/test/resources/features/api/user_crud.feature:31","labels":[{"name":"host","value":"LAPTOP-BO5I1FTR"},{"name":"thread","value":"13940@LAPTOP-BO5I1FTR.main(1)"},{"name":"feature","value":"User API"},{"name":"story","value":"Create user with missing name"},{"name":"suite","value":"User API"},{"name":"testClass","value":"Create user with missing name"},{"name":"framework","value":"cucumber4jvm"},{"name":"language","value":"java"},{"name":"gherkin_uri","value":"file:///C:/Users/saurabh%20yadav/Downloads/Myproject/Myproject/Myproject/src/test/resources/features/api/user_crud.feature"},{"name":"package","value":"src.test.resources.features.api.user_crud_feature.User API"}],"links":[],"name":"Create user with missing name","status":"failed","statusDetails":{"known":false,"muted":false,"flaky":false,"message":"expected [400] but found [201]","trace":"java.lang.AssertionError: expected [400] but found [201]\r\n\tat org.testng.Assert.fail(Assert.java:111)\r\n\tat org.testng.Assert.failNotEquals(Assert.java:1590)\r\n\tat org.testng.Assert.assertEqualsImpl(Assert.java:150)\r\n\tat org.testng.Assert.assertEquals(Assert.java:132)\r\n\tat org.testng.Assert.assertEquals(Assert.java:1431)\r\n\tat org.testng.Assert.assertEquals(Assert.java:1395)\r\n\tat org.testng.Assert.assertEquals(Assert.java:1441)\r\n\tat stepdefs.api.UserApiSteps.response_code_should_be(UserApiSteps.java:134)\r\n\tat ✽.Response code should be 400(file:///C:/Users/saurabh%20yadav/Downloads/Myproject/Myproject/Myproject/src/test/resources/features/api/user_crud.feature:34)\r\n"},"stage":"finished","steps":[{"name":"Given I use user test data \"missingNameUser\"","status":"passed","statusDetails":{"known":false,"muted":false,"flaky":false},"stage":"finished","steps":[],"attachments":[{"name":"Test Data","source":"43bddbd5-88e9-4642-90f4-5b43ffae33e8-attachment.txt","type":"text/plain"}],"parameters":[],"start":1752564401137,"stop":1752564401142},{"name":"When I send a POST request to \"/users\"","status":"passed","statusDetails":{"known":false,"muted":false,"flaky":false},"stage":"finished","steps":[],"attachments":[],"parameters":[],"start":1752564401142,"stop":1752564402071},{"name":"Then Response code should be 400","status":"failed","statusDetails":{"known":false,"muted":false,"flaky":false,"message":"expected [400] but found [201]","trace":"java.lang.AssertionError: expected [400] but found [201]\r\n\tat org.testng.Assert.fail(Assert.java:111)\r\n\tat org.testng.Assert.failNotEquals(Assert.java:1590)\r\n\tat org.testng.Assert.assertEqualsImpl(Assert.java:150)\r\n\tat org.testng.Assert.assertEquals(Assert.java:132)\r\n\tat org.testng.Assert.assertEquals(Assert.java:1431)\r\n\tat org.testng.Assert.assertEquals(Assert.java:1395)\r\n\tat org.testng.Assert.assertEquals(Assert.java:1441)\r\n\tat stepdefs.api.UserApiSteps.response_code_should_be(UserApiSteps.java:134)\r\n\tat ✽.Response code should be 400(file:///C:/Users/saurabh%20yadav/Downloads/Myproject/Myproject/Myproject/src/test/resources/features/api/user_crud.feature:34)\r\n"},"stage":"finished","steps":[],"attachments":[],"parameters":[],"start":1752564402071,"stop":1752564402079},{"name":"And Response should have error message \"Name is required\"","status":"skipped","statusDetails":{"known":false,"muted":false,"flaky":false},"stage":"finished","steps":[],"attachments":[],"parameters":[],"start":1752564402080,"stop":1752564402080},{"name":"And Response header \"Content-Type\" should be \"application/json\"","status":"skipped","statusDetails":{"known":false,"muted":false,"flaky":false},"stage":"finished","steps":[],"attachments":[],"parameters":[],"start":1752564402081,"stop":1752564402082}],"attachments":[],"parameters":[],"start":1752564401133,"stop":1752564402107}