{"uuid":"e30d28cb-cdf2-411f-921a-2e580f418183","historyId":"71e308f3b02d4ac59259541f7ceab476","testCaseId":"6cfe94dd355f97a4d25dde137ec9d775","fullName":"src/test/resources/features/api/user_crud.feature:20","labels":[{"name":"host","value":"LAPTOP-BO5I1FTR"},{"name":"thread","value":"20764@LAPTOP-BO5I1FTR.main(1)"},{"name":"feature","value":"User API"},{"name":"story","value":"Delete user"},{"name":"suite","value":"User API"},{"name":"testClass","value":"Delete user"},{"name":"framework","value":"cucumber4jvm"},{"name":"language","value":"java"},{"name":"gherkin_uri","value":"file:///C:/Users/saurabh%20yadav/Downloads/Myproject/Myproject/Myproject/src/test/resources/features/api/user_crud.feature"},{"name":"package","value":"src.test.resources.features.api.user_crud_feature.User API"}],"links":[],"name":"Delete user","status":"failed","statusDetails":{"known":false,"muted":false,"flaky":false,"message":"expected [200] but found [404]","trace":"java.lang.AssertionError: expected [200] but found [404]\r\n\tat org.testng.Assert.fail(Assert.java:111)\r\n\tat org.testng.Assert.failNotEquals(Assert.java:1590)\r\n\tat org.testng.Assert.assertEqualsImpl(Assert.java:150)\r\n\tat org.testng.Assert.assertEquals(Assert.java:132)\r\n\tat org.testng.Assert.assertEquals(Assert.java:1431)\r\n\tat org.testng.Assert.assertEquals(Assert.java:1395)\r\n\tat org.testng.Assert.assertEquals(Assert.java:1441)\r\n\tat stepdefs.api.UserApiSteps.response_code_should_be(UserApiSteps.java:172)\r\n\tat ✽.Response code should be 200(file:///C:/Users/saurabh%20yadav/Downloads/Myproject/Myproject/Myproject/src/test/resources/features/api/user_crud.feature:22)\r\n"},"stage":"finished","steps":[{"name":"When I send a DELETE request to \"/users/{id}\" for the created user","status":"passed","statusDetails":{"known":false,"muted":false,"flaky":false},"stage":"finished","steps":[],"attachments":[],"parameters":[],"start":1752558171721,"stop":1752558171751},{"name":"Then Response code should be 200","status":"failed","statusDetails":{"known":false,"muted":false,"flaky":false,"message":"expected [200] but found [404]","trace":"java.lang.AssertionError: expected [200] but found [404]\r\n\tat org.testng.Assert.fail(Assert.java:111)\r\n\tat org.testng.Assert.failNotEquals(Assert.java:1590)\r\n\tat org.testng.Assert.assertEqualsImpl(Assert.java:150)\r\n\tat org.testng.Assert.assertEquals(Assert.java:132)\r\n\tat org.testng.Assert.assertEquals(Assert.java:1431)\r\n\tat org.testng.Assert.assertEquals(Assert.java:1395)\r\n\tat org.testng.Assert.assertEquals(Assert.java:1441)\r\n\tat stepdefs.api.UserApiSteps.response_code_should_be(UserApiSteps.java:172)\r\n\tat ✽.Response code should be 200(file:///C:/Users/saurabh%20yadav/Downloads/Myproject/Myproject/Myproject/src/test/resources/features/api/user_crud.feature:22)\r\n"},"stage":"finished","steps":[],"attachments":[],"parameters":[],"start":1752558171755,"stop":1752558171757},{"name":"And Response header \"Content-Type\" should be \"application/json\"","status":"skipped","statusDetails":{"known":false,"muted":false,"flaky":false},"stage":"finished","steps":[],"attachments":[],"parameters":[],"start":1752558171758,"stop":1752558171758}],"attachments":[],"parameters":[],"start":1752558171720,"stop":1752558171759}