{"uuid":"e6213e62-e7fb-4152-a64c-3c0e6294576d","historyId":"d6a4c01b757936cc2e8d180a953d79d","testCaseId":"ee780a361b751c7f60500f329a46c62f","fullName":"src/test/resources/features/api/user_crud.feature:100","labels":[{"name":"host","value":"LAPTOP-BO5I1FTR"},{"name":"thread","value":"9928@LAPTOP-BO5I1FTR.main(1)"},{"name":"feature","value":"User API"},{"name":"story","value":"Update user with invalid email"},{"name":"suite","value":"User API"},{"name":"testClass","value":"Update user with invalid email"},{"name":"framework","value":"cucumber4jvm"},{"name":"language","value":"java"},{"name":"gherkin_uri","value":"file:///C:/Users/saurabh%20yadav/Downloads/Myproject/Myproject/Myproject/src/test/resources/features/api/user_crud.feature"},{"name":"package","value":"src.test.resources.features.api.user_crud_feature.User API"}],"links":[],"name":"Update user with invalid email","statusDetails":{"known":false,"muted":false,"flaky":false,"message":"\"I send a PUT request to \"/users/{id}\" with updated name \"Invalid Email\", and email \"notanemail\"\" matches more than one step definition:\n  \"^I send a PUT request to \"([^\"]*)\" with updated name \"([^\"]*)\", and email \"([^\"]*)\"$\" in stepdefs.api.UserApiSteps.i_send_a_put_request_to_with_updated_name_and_email_comma(java.lang.String,java.lang.String,java.lang.String)\n  \"^I send a PUT request to \"/users/\\{id\\}\" with updated name \"([^\"]*)\", and email \"([^\"]*)\"$\" in stepdefs.api.UserApiSteps.i_send_a_put_request_to_with_escaped_id_and_updated_name_and_email_comma(java.lang.String,java.lang.String)","trace":"io.cucumber.core.runner.AmbiguousStepDefinitionsException: \"I send a PUT request to \"/users/{id}\" with updated name \"Invalid Email\", and email \"notanemail\"\" matches more than one step definition:\n  \"^I send a PUT request to \"([^\"]*)\" with updated name \"([^\"]*)\", and email \"([^\"]*)\"$\" in stepdefs.api.UserApiSteps.i_send_a_put_request_to_with_updated_name_and_email_comma(java.lang.String,java.lang.String,java.lang.String)\n  \"^I send a PUT request to \"/users/\\{id\\}\" with updated name \"([^\"]*)\", and email \"([^\"]*)\"$\" in stepdefs.api.UserApiSteps.i_send_a_put_request_to_with_escaped_id_and_updated_name_and_email_comma(java.lang.String,java.lang.String)\r\n\tat io.cucumber.core.runner.CachingGlue.findStepDefinitionMatch(CachingGlue.java:457)\r\n\tat io.cucumber.core.runner.CachingGlue.stepDefinitionMatch(CachingGlue.java:425)\r\n\tat io.cucumber.core.runner.Runner.matchStepToStepDefinition(Runner.java:184)\r\n\tat io.cucumber.core.runner.Runner.createTestStepsForPickleSteps(Runner.java:164)\r\n\tat io.cucumber.core.runner.Runner.createTestCaseForPickle(Runner.java:147)\r\n\tat io.cucumber.core.runner.Runner.runPickle(Runner.java:76)\r\n\tat io.cucumber.testng.TestNGCucumberRunner.lambda$runScenario$1(TestNGCucumberRunner.java:135)\r\n\tat io.cucumber.core.runtime.CucumberExecutionContext.lambda$runTestCase$5(CucumberExecutionContext.java:136)\r\n\tat io.cucumber.core.runtime.RethrowingThrowableCollector.executeAndThrow(RethrowingThrowableCollector.java:23)\r\n\tat io.cucumber.core.runtime.CucumberExecutionContext.runTestCase(CucumberExecutionContext.java:136)\r\n\tat io.cucumber.testng.TestNGCucumberRunner.runScenario(TestNGCucumberRunner.java:132)\r\n\tat io.cucumber.testng.AbstractTestNGCucumberTests.runScenario(AbstractTestNGCucumberTests.java:35)\r\n\tat java.base/jdk.internal.reflect.DirectMethodHandleAccessor.invoke(DirectMethodHandleAccessor.java:103)\r\n\tat java.base/java.lang.reflect.Method.invoke(Method.java:580)\r\n\tat org.testng.internal.invokers.MethodInvocationHelper.invokeMethod(MethodInvocationHelper.java:141)\r\n\tat org.testng.internal.invokers.TestInvoker.invokeMethod(TestInvoker.java:687)\r\n\tat org.testng.internal.invokers.TestInvoker.invokeTestMethod(TestInvoker.java:230)\r\n\tat org.testng.internal.invokers.MethodRunner.runInSequence(MethodRunner.java:63)\r\n\tat org.testng.internal.invokers.TestInvoker$MethodInvocationAgent.invoke(TestInvoker.java:995)\r\n\tat org.testng.internal.invokers.TestInvoker.invokeTestMethods(TestInvoker.java:203)\r\n\tat org.testng.internal.invokers.TestMethodWorker.invokeTestMethods(TestMethodWorker.java:154)\r\n\tat org.testng.internal.invokers.TestMethodWorker.run(TestMethodWorker.java:134)\r\n\tat java.base/java.util.ArrayList.forEach(ArrayList.java:1596)\r\n\tat org.testng.TestRunner.privateRun(TestRunner.java:741)\r\n\tat org.testng.TestRunner.run(TestRunner.java:616)\r\n\tat org.testng.SuiteRunner.runTest(SuiteRunner.java:421)\r\n\tat org.testng.SuiteRunner.runSequentially(SuiteRunner.java:413)\r\n\tat org.testng.SuiteRunner.privateRun(SuiteRunner.java:373)\r\n\tat org.testng.SuiteRunner.run(SuiteRunner.java:312)\r\n\tat org.testng.SuiteRunnerWorker.runSuite(SuiteRunnerWorker.java:52)\r\n\tat org.testng.SuiteRunnerWorker.run(SuiteRunnerWorker.java:95)\r\n\tat org.testng.TestNG.runSuitesSequentially(TestNG.java:1274)\r\n\tat org.testng.TestNG.runSuitesLocally(TestNG.java:1208)\r\n\tat org.testng.TestNG.runSuites(TestNG.java:1112)\r\n\tat org.testng.TestNG.run(TestNG.java:1079)\r\n\tat org.apache.maven.surefire.testng.TestNGExecutor.run(TestNGExecutor.java:155)\r\n\tat org.apache.maven.surefire.testng.TestNGDirectoryTestSuite.executeSingleClass(TestNGDirectoryTestSuite.java:102)\r\n\tat org.apache.maven.surefire.testng.TestNGDirectoryTestSuite.execute(TestNGDirectoryTestSuite.java:91)\r\n\tat org.apache.maven.surefire.testng.TestNGProvider.invoke(TestNGProvider.java:137)\r\n\tat org.apache.maven.surefire.booter.ForkedBooter.runSuitesInProcess(ForkedBooter.java:385)\r\n\tat org.apache.maven.surefire.booter.ForkedBooter.execute(ForkedBooter.java:162)\r\n\tat org.apache.maven.surefire.booter.ForkedBooter.run(ForkedBooter.java:507)\r\n\tat org.apache.maven.surefire.booter.ForkedBooter.main(ForkedBooter.java:495)\r\n"},"stage":"finished","steps":[{"name":"When I send a PUT request to \"/users/{id}\" with updated name \"Invalid Email\", and email \"notanemail\"","statusDetails":{"known":false,"muted":false,"flaky":false,"message":"\"I send a PUT request to \"/users/{id}\" with updated name \"Invalid Email\", and email \"notanemail\"\" matches more than one step definition:\n  \"^I send a PUT request to \"([^\"]*)\" with updated name \"([^\"]*)\", and email \"([^\"]*)\"$\" in stepdefs.api.UserApiSteps.i_send_a_put_request_to_with_updated_name_and_email_comma(java.lang.String,java.lang.String,java.lang.String)\n  \"^I send a PUT request to \"/users/\\{id\\}\" with updated name \"([^\"]*)\", and email \"([^\"]*)\"$\" in stepdefs.api.UserApiSteps.i_send_a_put_request_to_with_escaped_id_and_updated_name_and_email_comma(java.lang.String,java.lang.String)","trace":"io.cucumber.core.runner.AmbiguousStepDefinitionsException: \"I send a PUT request to \"/users/{id}\" with updated name \"Invalid Email\", and email \"notanemail\"\" matches more than one step definition:\n  \"^I send a PUT request to \"([^\"]*)\" with updated name \"([^\"]*)\", and email \"([^\"]*)\"$\" in stepdefs.api.UserApiSteps.i_send_a_put_request_to_with_updated_name_and_email_comma(java.lang.String,java.lang.String,java.lang.String)\n  \"^I send a PUT request to \"/users/\\{id\\}\" with updated name \"([^\"]*)\", and email \"([^\"]*)\"$\" in stepdefs.api.UserApiSteps.i_send_a_put_request_to_with_escaped_id_and_updated_name_and_email_comma(java.lang.String,java.lang.String)\r\n\tat io.cucumber.core.runner.CachingGlue.findStepDefinitionMatch(CachingGlue.java:457)\r\n\tat io.cucumber.core.runner.CachingGlue.stepDefinitionMatch(CachingGlue.java:425)\r\n\tat io.cucumber.core.runner.Runner.matchStepToStepDefinition(Runner.java:184)\r\n\tat io.cucumber.core.runner.Runner.createTestStepsForPickleSteps(Runner.java:164)\r\n\tat io.cucumber.core.runner.Runner.createTestCaseForPickle(Runner.java:147)\r\n\tat io.cucumber.core.runner.Runner.runPickle(Runner.java:76)\r\n\tat io.cucumber.testng.TestNGCucumberRunner.lambda$runScenario$1(TestNGCucumberRunner.java:135)\r\n\tat io.cucumber.core.runtime.CucumberExecutionContext.lambda$runTestCase$5(CucumberExecutionContext.java:136)\r\n\tat io.cucumber.core.runtime.RethrowingThrowableCollector.executeAndThrow(RethrowingThrowableCollector.java:23)\r\n\tat io.cucumber.core.runtime.CucumberExecutionContext.runTestCase(CucumberExecutionContext.java:136)\r\n\tat io.cucumber.testng.TestNGCucumberRunner.runScenario(TestNGCucumberRunner.java:132)\r\n\tat io.cucumber.testng.AbstractTestNGCucumberTests.runScenario(AbstractTestNGCucumberTests.java:35)\r\n\tat java.base/jdk.internal.reflect.DirectMethodHandleAccessor.invoke(DirectMethodHandleAccessor.java:103)\r\n\tat java.base/java.lang.reflect.Method.invoke(Method.java:580)\r\n\tat org.testng.internal.invokers.MethodInvocationHelper.invokeMethod(MethodInvocationHelper.java:141)\r\n\tat org.testng.internal.invokers.TestInvoker.invokeMethod(TestInvoker.java:687)\r\n\tat org.testng.internal.invokers.TestInvoker.invokeTestMethod(TestInvoker.java:230)\r\n\tat org.testng.internal.invokers.MethodRunner.runInSequence(MethodRunner.java:63)\r\n\tat org.testng.internal.invokers.TestInvoker$MethodInvocationAgent.invoke(TestInvoker.java:995)\r\n\tat org.testng.internal.invokers.TestInvoker.invokeTestMethods(TestInvoker.java:203)\r\n\tat org.testng.internal.invokers.TestMethodWorker.invokeTestMethods(TestMethodWorker.java:154)\r\n\tat org.testng.internal.invokers.TestMethodWorker.run(TestMethodWorker.java:134)\r\n\tat java.base/java.util.ArrayList.forEach(ArrayList.java:1596)\r\n\tat org.testng.TestRunner.privateRun(TestRunner.java:741)\r\n\tat org.testng.TestRunner.run(TestRunner.java:616)\r\n\tat org.testng.SuiteRunner.runTest(SuiteRunner.java:421)\r\n\tat org.testng.SuiteRunner.runSequentially(SuiteRunner.java:413)\r\n\tat org.testng.SuiteRunner.privateRun(SuiteRunner.java:373)\r\n\tat org.testng.SuiteRunner.run(SuiteRunner.java:312)\r\n\tat org.testng.SuiteRunnerWorker.runSuite(SuiteRunnerWorker.java:52)\r\n\tat org.testng.SuiteRunnerWorker.run(SuiteRunnerWorker.java:95)\r\n\tat org.testng.TestNG.runSuitesSequentially(TestNG.java:1274)\r\n\tat org.testng.TestNG.runSuitesLocally(TestNG.java:1208)\r\n\tat org.testng.TestNG.runSuites(TestNG.java:1112)\r\n\tat org.testng.TestNG.run(TestNG.java:1079)\r\n\tat org.apache.maven.surefire.testng.TestNGExecutor.run(TestNGExecutor.java:155)\r\n\tat org.apache.maven.surefire.testng.TestNGDirectoryTestSuite.executeSingleClass(TestNGDirectoryTestSuite.java:102)\r\n\tat org.apache.maven.surefire.testng.TestNGDirectoryTestSuite.execute(TestNGDirectoryTestSuite.java:91)\r\n\tat org.apache.maven.surefire.testng.TestNGProvider.invoke(TestNGProvider.java:137)\r\n\tat org.apache.maven.surefire.booter.ForkedBooter.runSuitesInProcess(ForkedBooter.java:385)\r\n\tat org.apache.maven.surefire.booter.ForkedBooter.execute(ForkedBooter.java:162)\r\n\tat org.apache.maven.surefire.booter.ForkedBooter.run(ForkedBooter.java:507)\r\n\tat org.apache.maven.surefire.booter.ForkedBooter.main(ForkedBooter.java:495)\r\n"},"stage":"finished","steps":[],"attachments":[],"parameters":[],"start":1752559862021,"stop":1752559862024},{"name":"Then Response code should be 400","status":"skipped","statusDetails":{"known":false,"muted":false,"flaky":false},"stage":"finished","steps":[],"attachments":[],"parameters":[],"start":1752559862025,"stop":1752559862025}],"attachments":[],"parameters":[],"start":1752559862021,"stop":1752559862026}